# JRE version: Java(TM) SE Runtime Environment (8.0_192-b12) (build 1.8.0_192-b12)
# Java VM: Java HotSpot(TM) 64-Bit Server VM (25.192-b12 mixed mode windows-amd64 compressed oops)
Heap:
 PSYoungGen      total 105984K, used 60556K [0x0000000780b00000, 0x0000000787a00000, 0x00000007c0000000)
  eden space 98304K, 61% used [0x0000000780b00000,0x00000007846232b0,0x0000000786b00000)
  from space 7680K, 0% used [0x0000000787280000,0x0000000787280000,0x0000000787a00000)
  to   space 7680K, 0% used [0x0000000786b00000,0x0000000786b00000,0x0000000787280000)
 ParOldGen       total 79360K, used 6371K [0x0000000702000000, 0x0000000706d80000, 0x0000000780b00000)
  object space 79360K, 8% used [0x0000000702000000,0x0000000702638e30,0x0000000706d80000)
 Metaspace       used 26506K, capacity 26762K, committed 27136K, reserved 1073152K
  class space    used 3134K, capacity 3253K, committed 3328K, reserved 1048576K
GC Heap History (10 events):
Event: 1.574 GC heap before
{Heap before GC invocations=1 (full 0):
 PSYoungGen      total 56832K, used 49152K [0x0000000780b00000, 0x0000000784a00000, 0x00000007c0000000)
  eden space 49152K, 100% used [0x0000000780b00000,0x0000000783b00000,0x0000000783b00000)
  from space 7680K, 0% used [0x0000000784280000,0x0000000784280000,0x0000000784a00000)
  to   space 7680K, 0% used [0x0000000783b00000,0x0000000783b00000,0x0000000784280000)
 ParOldGen       total 130048K, used 0K [0x0000000702000000, 0x0000000709f00000, 0x0000000780b00000)
  object space 130048K, 0% used [0x0000000702000000,0x0000000702000000,0x0000000709f00000)
 Metaspace       used 10808K, capacity 10952K, committed 11008K, reserved 1058816K
  class space    used 1209K, capacity 1266K, committed 1280K, reserved 1048576K
Event: 1.584 GC heap after
Heap after GC invocations=1 (full 0):
 PSYoungGen      total 56832K, used 4452K [0x0000000780b00000, 0x0000000784a00000, 0x00000007c0000000)
  eden space 49152K, 0% used [0x0000000780b00000,0x0000000780b00000,0x0000000783b00000)
  from space 7680K, 57% used [0x0000000783b00000,0x0000000783f593f0,0x0000000784280000)
  to   space 7680K, 0% used [0x0000000784280000,0x0000000784280000,0x0000000784a00000)
 ParOldGen       total 130048K, used 72K [0x0000000702000000, 0x0000000709f00000, 0x0000000780b00000)
  object space 130048K, 0% used [0x0000000702000000,0x0000000702012010,0x0000000709f00000)
 Metaspace       used 10808K, capacity 10952K, committed 11008K, reserved 1058816K
  class space    used 1209K, capacity 1266K, committed 1280K, reserved 1048576K
}
Event: 2.295 GC heap before
{Heap before GC invocations=2 (full 0):
 PSYoungGen      total 56832K, used 53604K [0x0000000780b00000, 0x0000000784a00000, 0x00000007c0000000)
  eden space 49152K, 100% used [0x0000000780b00000,0x0000000783b00000,0x0000000783b00000)
  from space 7680K, 57% used [0x0000000783b00000,0x0000000783f593f0,0x0000000784280000)
  to   space 7680K, 0% used [0x0000000784280000,0x0000000784280000,0x0000000784a00000)
 ParOldGen       total 130048K, used 72K [0x0000000702000000, 0x0000000709f00000, 0x0000000780b00000)
  object space 130048K, 0% used [0x0000000702000000,0x0000000702012010,0x0000000709f00000)
 Metaspace       used 14606K, capacity 14696K, committed 14976K, reserved 1062912K
  class space    used 1583K, capacity 1618K, committed 1664K, reserved 1048576K
Event: 2.304 GC heap after
Heap after GC invocations=2 (full 0):
 PSYoungGen      total 56832K, used 5192K [0x0000000780b00000, 0x0000000784a00000, 0x00000007c0000000)
  eden space 49152K, 0% used [0x0000000780b00000,0x0000000780b00000,0x0000000783b00000)
  from space 7680K, 67% used [0x0000000784280000,0x00000007847920f0,0x0000000784a00000)
  to   space 7680K, 0% used [0x0000000783b00000,0x0000000783b00000,0x0000000784280000)
 ParOldGen       total 130048K, used 80K [0x0000000702000000, 0x0000000709f00000, 0x0000000780b00000)
  object space 130048K, 0% used [0x0000000702000000,0x0000000702014010,0x0000000709f00000)
 Metaspace       used 14606K, capacity 14696K, committed 14976K, reserved 1062912K
  class space    used 1583K, capacity 1618K, committed 1664K, reserved 1048576K
}
Event: 2.742 GC heap before
{Heap before GC invocations=3 (full 0):
 PSYoungGen      total 56832K, used 54344K [0x0000000780b00000, 0x0000000784a00000, 0x00000007c0000000)
  eden space 49152K, 100% used [0x0000000780b00000,0x0000000783b00000,0x0000000783b00000)
  from space 7680K, 67% used [0x0000000784280000,0x00000007847920f0,0x0000000784a00000)
  to   space 7680K, 0% used [0x0000000783b00000,0x0000000783b00000,0x0000000784280000)
 ParOldGen       total 130048K, used 80K [0x0000000702000000, 0x0000000709f00000, 0x0000000780b00000)
  object space 130048K, 0% used [0x0000000702000000,0x0000000702014010,0x0000000709f00000)
 Metaspace       used 18194K, capacity 18312K, committed 18432K, reserved 1064960K
  class space    used 1980K, capacity 2034K, committed 2048K, reserved 1048576K
Event: 2.749 GC heap after
Heap after GC invocations=3 (full 0):
 PSYoungGen      total 56832K, used 6367K [0x0000000780b00000, 0x0000000787a00000, 0x00000007c0000000)
  eden space 49152K, 0% used [0x0000000780b00000,0x0000000780b00000,0x0000000783b00000)
  from space 7680K, 82% used [0x0000000783b00000,0x0000000784137ce8,0x0000000784280000)
  to   space 7680K, 0% used [0x0000000787280000,0x0000000787280000,0x0000000787a00000)
 ParOldGen       total 130048K, used 88K [0x0000000702000000, 0x0000000709f00000, 0x0000000780b00000)
  object space 130048K, 0% used [0x0000000702000000,0x0000000702016010,0x0000000709f00000)
 Metaspace       used 18194K, capacity 18312K, committed 18432K, reserved 1064960K
  class space    used 1980K, capacity 2034K, committed 2048K, reserved 1048576K
}
Event: 3.259 GC heap before
{Heap before GC invocations=4 (full 0):
 PSYoungGen      total 56832K, used 50291K [0x0000000780b00000, 0x0000000787a00000, 0x00000007c0000000)
  eden space 49152K, 89% used [0x0000000780b00000,0x00000007835e4fb8,0x0000000783b00000)
  from space 7680K, 82% used [0x0000000783b00000,0x0000000784137ce8,0x0000000784280000)
  to   space 7680K, 0% used [0x0000000787280000,0x0000000787280000,0x0000000787a00000)
 ParOldGen       total 130048K, used 88K [0x0000000702000000, 0x0000000709f00000, 0x0000000780b00000)
  object space 130048K, 0% used [0x0000000702000000,0x0000000702016010,0x0000000709f00000)
 Metaspace       used 21117K, capacity 21192K, committed 21248K, reserved 1069056K
  class space    used 2485K, capacity 2546K, committed 2560K, reserved 1048576K
Event: 3.270 GC heap after
Heap after GC invocations=4 (full 0):
 PSYoungGen      total 105984K, used 6531K [0x0000000780b00000, 0x0000000787a00000, 0x00000007c0000000)
  eden space 98304K, 0% used [0x0000000780b00000,0x0000000780b00000,0x0000000786b00000)
  from space 7680K, 85% used [0x0000000787280000,0x00000007878e0f10,0x0000000787a00000)
  to   space 7680K, 0% used [0x0000000786b00000,0x0000000786b00000,0x0000000787280000)
 ParOldGen       total 130048K, used 96K [0x0000000702000000, 0x0000000709f00000, 0x0000000780b00000)
  object space 130048K, 0% used [0x0000000702000000,0x0000000702018010,0x0000000709f00000)
 Metaspace       used 21117K, capacity 21192K, committed 21248K, reserved 1069056K
  class space    used 2485K, capacity 2546K, committed 2560K, reserved 1048576K
}
Event: 3.270 GC heap before
{Heap before GC invocations=5 (full 1):
 PSYoungGen      total 105984K, used 6531K [0x0000000780b00000, 0x0000000787a00000, 0x00000007c0000000)
  eden space 98304K, 0% used [0x0000000780b00000,0x0000000780b00000,0x0000000786b00000)
  from space 7680K, 85% used [0x0000000787280000,0x00000007878e0f10,0x0000000787a00000)
  to   space 7680K, 0% used [0x0000000786b00000,0x0000000786b00000,0x0000000787280000)
 ParOldGen       total 130048K, used 96K [0x0000000702000000, 0x0000000709f00000, 0x0000000780b00000)
  object space 130048K, 0% used [0x0000000702000000,0x0000000702018010,0x0000000709f00000)
 Metaspace       used 21117K, capacity 21192K, committed 21248K, reserved 1069056K
  class space    used 2485K, capacity 2546K, committed 2560K, reserved 1048576K
Event: 3.313 GC heap after
Heap after GC invocations=5 (full 1):
 PSYoungGen      total 105984K, used 0K [0x0000000780b00000, 0x0000000787a00000, 0x00000007c0000000)
  eden space 98304K, 0% used [0x0000000780b00000,0x0000000780b00000,0x0000000786b00000)
  from space 7680K, 0% used [0x0000000787280000,0x0000000787280000,0x0000000787a00000)
  to   space 7680K, 0% used [0x0000000786b00000,0x0000000786b00000,0x0000000787280000)
 ParOldGen       total 79360K, used 6371K [0x0000000702000000, 0x0000000706d80000, 0x0000000780b00000)
  object space 79360K, 8% used [0x0000000702000000,0x0000000702638e30,0x0000000706d80000)
 Metaspace       used 21117K, capacity 21192K, committed 21248K, reserved 1069056K
  class space    used 2485K, capacity 2546K, committed 2560K, reserved 1048576K
}

